This is pdfTeX, Version 3.14159265-2.6-1.40.19 (MiKTeX 2.9.6840 64-bit) (preloaded format=pdflatex 2018.11.1)  7 NOV 2018 20:03
entering extended mode
**./index.tex
(index.tex
LaTeX2e <2018-04-01> patch level 5
(C:\Users\Maren\AppData\Roaming\MiKTeX\2.9\tex\latex\beamer\beamer.cls
Document Class: beamer 2018/09/20 v3.54 A class for typesetting presentations

(C:\Users\Maren\AppData\Roaming\MiKTeX\2.9\tex\latex\beamer\beamerbasemodes.sty
(C:\Users\Maren\AppData\Roaming\MiKTeX\2.9\tex\latex\etoolbox\etoolbox.sty
Package: etoolbox 2018/08/19 v2.5f e-TeX tools for LaTeX (JAW)
\etb@tempcnta=\count80
)
\beamer@tempbox=\box26
\beamer@tempcount=\count81
\c@beamerpauses=\count82

(C:\Users\Maren\AppData\Roaming\MiKTeX\2.9\tex\latex\beamer\beamerbasedecode.st
y
\beamer@slideinframe=\count83
\beamer@minimum=\count84
)
\beamer@commentbox=\box27
\beamer@modecount=\count85
) ("C:\Program Files\MiKTeX 2.9\tex\generic\oberdiek\ifpdf.sty"
Package: ifpdf 2018/09/07 v3.3 Provides the ifpdf switch
)
\headdp=\dimen102
\footheight=\dimen103
\sidebarheight=\dimen104
\beamer@tempdim=\dimen105
\beamer@finalheight=\dimen106
\beamer@animht=\dimen107
\beamer@animdp=\dimen108
\beamer@animwd=\dimen109
\beamer@leftmargin=\dimen110
\beamer@rightmargin=\dimen111
\beamer@leftsidebar=\dimen112
\beamer@rightsidebar=\dimen113
\beamer@boxsize=\dimen114
\beamer@vboxoffset=\dimen115
\beamer@descdefault=\dimen116
\beamer@descriptionwidth=\dimen117
\beamer@lastskip=\skip41
\beamer@areabox=\box28
\beamer@animcurrent=\box29
\beamer@animshowbox=\box30
\beamer@sectionbox=\box31
\beamer@logobox=\box32
\beamer@linebox=\box33
\beamer@sectioncount=\count86
\beamer@subsubsectionmax=\count87
\beamer@subsectionmax=\count88
\beamer@sectionmax=\count89
\beamer@totalheads=\count90
\beamer@headcounter=\count91
\beamer@partstartpage=\count92
\beamer@sectionstartpage=\count93
\beamer@subsectionstartpage=\count94
\beamer@animationtempa=\count95
\beamer@animationtempb=\count96
\beamer@xpos=\count97
\beamer@ypos=\count98
\beamer@ypos@offset=\count99
\beamer@showpartnumber=\count100
\beamer@currentsubsection=\count101
\beamer@coveringdepth=\count102
\beamer@sectionadjust=\count103
\beamer@tocsectionnumber=\count104

(C:\Users\Maren\AppData\Roaming\MiKTeX\2.9\tex\latex\beamer\beamerbaseoptions.s
ty ("C:\Program Files\MiKTeX 2.9\tex\latex\graphics\keyval.sty"
Package: keyval 2014/10/28 v1.15 key=value parser (DPC)
\KV@toks@=\toks14
))
\beamer@paperwidth=\skip42
\beamer@paperheight=\skip43

("C:\Program Files\MiKTeX 2.9\tex\latex\geometry\geometry.sty"
Package: geometry 2018/04/16 v5.8 Page Geometry

("C:\Program Files\MiKTeX 2.9\tex\generic\oberdiek\ifvtex.sty"
Package: ifvtex 2016/05/16 v1.6 Detect VTeX and its facilities (HO)
Package ifvtex Info: VTeX not detected.
)
("C:\Program Files\MiKTeX 2.9\tex\generic\ifxetex\ifxetex.sty"
Package: ifxetex 2010/09/12 v0.6 Provides ifxetex conditional
)
\Gm@cnth=\count105
\Gm@cntv=\count106
\c@Gm@tempcnt=\count107
\Gm@bindingoffset=\dimen118
\Gm@wd@mp=\dimen119
\Gm@odd@mp=\dimen120
\Gm@even@mp=\dimen121
\Gm@layoutwidth=\dimen122
\Gm@layoutheight=\dimen123
\Gm@layouthoffset=\dimen124
\Gm@layoutvoffset=\dimen125
\Gm@dimlist=\toks15

("C:\Program Files\MiKTeX 2.9\tex\latex\geometry\geometry.cfg"))
("C:\Program Files\MiKTeX 2.9\tex\latex\base\size11.clo"
File: size11.clo 2014/09/29 v1.4h Standard LaTeX file (size option)
)
(C:\Users\Maren\AppData\Roaming\MiKTeX\2.9\tex\latex\pgf\basiclayer\pgfcore.sty
("C:\Program Files\MiKTeX 2.9\tex\latex\graphics\graphicx.sty"
Package: graphicx 2017/06/01 v1.1a Enhanced LaTeX Graphics (DPC,SPQR)

("C:\Program Files\MiKTeX 2.9\tex\latex\graphics\graphics.sty"
Package: graphics 2017/06/25 v1.2c Standard LaTeX Graphics (DPC,SPQR)

("C:\Program Files\MiKTeX 2.9\tex\latex\graphics\trig.sty"
Package: trig 2016/01/03 v1.10 sin cos tan (DPC)
)
("C:\Program Files\MiKTeX 2.9\tex\latex\graphics-cfg\graphics.cfg"
File: graphics.cfg 2016/06/04 v1.11 sample graphics configuration
)
Package graphics Info: Driver file: pdftex.def on input line 99.

("C:\Program Files\MiKTeX 2.9\tex\latex\graphics-def\pdftex.def"
File: pdftex.def 2018/01/08 v1.0l Graphics/color driver for pdftex
))
\Gin@req@height=\dimen126
\Gin@req@width=\dimen127
)
(C:\Users\Maren\AppData\Roaming\MiKTeX\2.9\tex\latex\pgf\systemlayer\pgfsys.sty
(C:\Users\Maren\AppData\Roaming\MiKTeX\2.9\tex\latex\pgf\utilities\pgfrcs.sty
(C:\Users\Maren\AppData\Roaming\MiKTeX\2.9\tex\generic\pgf\utilities\pgfutil-co
mmon.tex
\pgfutil@everybye=\toks16
\pgfutil@tempdima=\dimen128
\pgfutil@tempdimb=\dimen129

(C:\Users\Maren\AppData\Roaming\MiKTeX\2.9\tex\generic\pgf\utilities\pgfutil-co
mmon-lists.tex))
(C:\Users\Maren\AppData\Roaming\MiKTeX\2.9\tex\generic\pgf\utilities\pgfutil-la
tex.def
\pgfutil@abb=\box34
 (C:\Users\Maren\AppData\Roaming\MiKTeX\2.9\tex\latex\ms\everyshi.sty
Package: everyshi 2001/05/15 v3.00 EveryShipout Package (MS)
))
(C:\Users\Maren\AppData\Roaming\MiKTeX\2.9\tex\generic\pgf\utilities\pgfrcs.cod
e.tex
Package: pgfrcs 2015/08/07 v3.0.1a (rcs-revision 1.31)
))
(C:\Users\Maren\AppData\Roaming\MiKTeX\2.9\tex\generic\pgf\systemlayer\pgfsys.c
ode.tex
Package: pgfsys 2014/07/09 v3.0.1a (rcs-revision 1.48)

(C:\Users\Maren\AppData\Roaming\MiKTeX\2.9\tex\generic\pgf\utilities\pgfkeys.co
de.tex
\pgfkeys@pathtoks=\toks17
\pgfkeys@temptoks=\toks18

(C:\Users\Maren\AppData\Roaming\MiKTeX\2.9\tex\generic\pgf\utilities\pgfkeysfil
tered.code.tex
\pgfkeys@tmptoks=\toks19
))
\pgf@x=\dimen130
\pgf@y=\dimen131
\pgf@xa=\dimen132
\pgf@ya=\dimen133
\pgf@xb=\dimen134
\pgf@yb=\dimen135
\pgf@xc=\dimen136
\pgf@yc=\dimen137
\w@pgf@writea=\write3
\r@pgf@reada=\read1
\c@pgf@counta=\count108
\c@pgf@countb=\count109
\c@pgf@countc=\count110
\c@pgf@countd=\count111
\t@pgf@toka=\toks20
\t@pgf@tokb=\toks21
\t@pgf@tokc=\toks22

(C:\Users\Maren\AppData\Roaming\MiKTeX\2.9\tex\generic\pgf\systemlayer\pgf.cfg
File: pgf.cfg 2008/05/14  (rcs-revision 1.7)
)
Driver file for pgf: pgfsys-pdftex.def

(C:\Users\Maren\AppData\Roaming\MiKTeX\2.9\tex\generic\pgf\systemlayer\pgfsys-p
dftex.def
File: pgfsys-pdftex.def 2014/10/11  (rcs-revision 1.35)

(C:\Users\Maren\AppData\Roaming\MiKTeX\2.9\tex\generic\pgf\systemlayer\pgfsys-c
ommon-pdf.def
File: pgfsys-common-pdf.def 2013/10/10  (rcs-revision 1.13)
)))
(C:\Users\Maren\AppData\Roaming\MiKTeX\2.9\tex\generic\pgf\systemlayer\pgfsysso
ftpath.code.tex
File: pgfsyssoftpath.code.tex 2013/09/09  (rcs-revision 1.9)
\pgfsyssoftpath@smallbuffer@items=\count112
\pgfsyssoftpath@bigbuffer@items=\count113
)
(C:\Users\Maren\AppData\Roaming\MiKTeX\2.9\tex\generic\pgf\systemlayer\pgfsyspr
otocol.code.tex
File: pgfsysprotocol.code.tex 2006/10/16  (rcs-revision 1.4)
))
(C:\Users\Maren\AppData\Roaming\MiKTeX\2.9\tex\latex\xcolor\xcolor.sty
Package: xcolor 2016/05/11 v2.12 LaTeX color extensions (UK)

("C:\Program Files\MiKTeX 2.9\tex\latex\graphics-cfg\color.cfg"
File: color.cfg 2016/01/02 v1.6 sample color configuration
)
Package xcolor Info: Driver file: pdftex.def on input line 225.
Package xcolor Info: Model `cmy' substituted by `cmy0' on input line 1348.
Package xcolor Info: Model `hsb' substituted by `rgb' on input line 1352.
Package xcolor Info: Model `RGB' extended on input line 1364.
Package xcolor Info: Model `HTML' substituted by `rgb' on input line 1366.
Package xcolor Info: Model `Hsb' substituted by `hsb' on input line 1367.
Package xcolor Info: Model `tHsb' substituted by `hsb' on input line 1368.
Package xcolor Info: Model `HSB' substituted by `hsb' on input line 1369.
Package xcolor Info: Model `Gray' substituted by `gray' on input line 1370.
Package xcolor Info: Model `wave' substituted by `hsb' on input line 1371.
)
(C:\Users\Maren\AppData\Roaming\MiKTeX\2.9\tex\generic\pgf\basiclayer\pgfcore.c
ode.tex
Package: pgfcore 2010/04/11 v3.0.1a (rcs-revision 1.7)

(C:\Users\Maren\AppData\Roaming\MiKTeX\2.9\tex\generic\pgf\math\pgfmath.code.te
x
(C:\Users\Maren\AppData\Roaming\MiKTeX\2.9\tex\generic\pgf\math\pgfmathcalc.cod
e.tex
(C:\Users\Maren\AppData\Roaming\MiKTeX\2.9\tex\generic\pgf\math\pgfmathutil.cod
e.tex)
(C:\Users\Maren\AppData\Roaming\MiKTeX\2.9\tex\generic\pgf\math\pgfmathparser.c
ode.tex
\pgfmath@dimen=\dimen138
\pgfmath@count=\count114
\pgfmath@box=\box35
\pgfmath@toks=\toks23
\pgfmath@stack@operand=\toks24
\pgfmath@stack@operation=\toks25
)
(C:\Users\Maren\AppData\Roaming\MiKTeX\2.9\tex\generic\pgf\math\pgfmathfunction
s.code.tex
(C:\Users\Maren\AppData\Roaming\MiKTeX\2.9\tex\generic\pgf\math\pgfmathfunction
s.basic.code.tex)
(C:\Users\Maren\AppData\Roaming\MiKTeX\2.9\tex\generic\pgf\math\pgfmathfunction
s.trigonometric.code.tex)
(C:\Users\Maren\AppData\Roaming\MiKTeX\2.9\tex\generic\pgf\math\pgfmathfunction
s.random.code.tex)
(C:\Users\Maren\AppData\Roaming\MiKTeX\2.9\tex\generic\pgf\math\pgfmathfunction
s.comparison.code.tex)
(C:\Users\Maren\AppData\Roaming\MiKTeX\2.9\tex\generic\pgf\math\pgfmathfunction
s.base.code.tex)
(C:\Users\Maren\AppData\Roaming\MiKTeX\2.9\tex\generic\pgf\math\pgfmathfunction
s.round.code.tex)
(C:\Users\Maren\AppData\Roaming\MiKTeX\2.9\tex\generic\pgf\math\pgfmathfunction
s.misc.code.tex)
(C:\Users\Maren\AppData\Roaming\MiKTeX\2.9\tex\generic\pgf\math\pgfmathfunction
s.integerarithmetics.code.tex)))
(C:\Users\Maren\AppData\Roaming\MiKTeX\2.9\tex\generic\pgf\math\pgfmathfloat.co
de.tex
\c@pgfmathroundto@lastzeros=\count115
))
(C:\Users\Maren\AppData\Roaming\MiKTeX\2.9\tex\generic\pgf\basiclayer\pgfcorepo
ints.code.tex
File: pgfcorepoints.code.tex 2013/10/07  (rcs-revision 1.27)
\pgf@picminx=\dimen139
\pgf@picmaxx=\dimen140
\pgf@picminy=\dimen141
\pgf@picmaxy=\dimen142
\pgf@pathminx=\dimen143
\pgf@pathmaxx=\dimen144
\pgf@pathminy=\dimen145
\pgf@pathmaxy=\dimen146
\pgf@xx=\dimen147
\pgf@xy=\dimen148
\pgf@yx=\dimen149
\pgf@yy=\dimen150
\pgf@zx=\dimen151
\pgf@zy=\dimen152
)
(C:\Users\Maren\AppData\Roaming\MiKTeX\2.9\tex\generic\pgf\basiclayer\pgfcorepa
thconstruct.code.tex
File: pgfcorepathconstruct.code.tex 2013/10/07  (rcs-revision 1.29)
\pgf@path@lastx=\dimen153
\pgf@path@lasty=\dimen154
)
(C:\Users\Maren\AppData\Roaming\MiKTeX\2.9\tex\generic\pgf\basiclayer\pgfcorepa
thusage.code.tex
File: pgfcorepathusage.code.tex 2014/11/02  (rcs-revision 1.24)
\pgf@shorten@end@additional=\dimen155
\pgf@shorten@start@additional=\dimen156
)
(C:\Users\Maren\AppData\Roaming\MiKTeX\2.9\tex\generic\pgf\basiclayer\pgfcoresc
opes.code.tex
File: pgfcorescopes.code.tex 2015/05/08  (rcs-revision 1.46)
\pgfpic=\box36
\pgf@hbox=\box37
\pgf@layerbox@main=\box38
\pgf@picture@serial@count=\count116
)
(C:\Users\Maren\AppData\Roaming\MiKTeX\2.9\tex\generic\pgf\basiclayer\pgfcoregr
aphicstate.code.tex
File: pgfcoregraphicstate.code.tex 2014/11/02  (rcs-revision 1.12)
\pgflinewidth=\dimen157
)
(C:\Users\Maren\AppData\Roaming\MiKTeX\2.9\tex\generic\pgf\basiclayer\pgfcoretr
ansformations.code.tex
File: pgfcoretransformations.code.tex 2015/08/07  (rcs-revision 1.20)
\pgf@pt@x=\dimen158
\pgf@pt@y=\dimen159
\pgf@pt@temp=\dimen160
)
(C:\Users\Maren\AppData\Roaming\MiKTeX\2.9\tex\generic\pgf\basiclayer\pgfcorequ
ick.code.tex
File: pgfcorequick.code.tex 2008/10/09  (rcs-revision 1.3)
)
(C:\Users\Maren\AppData\Roaming\MiKTeX\2.9\tex\generic\pgf\basiclayer\pgfcoreob
jects.code.tex
File: pgfcoreobjects.code.tex 2006/10/11  (rcs-revision 1.2)
)
(C:\Users\Maren\AppData\Roaming\MiKTeX\2.9\tex\generic\pgf\basiclayer\pgfcorepa
thprocessing.code.tex
File: pgfcorepathprocessing.code.tex 2013/09/09  (rcs-revision 1.9)
)
(C:\Users\Maren\AppData\Roaming\MiKTeX\2.9\tex\generic\pgf\basiclayer\pgfcorear
rows.code.tex
File: pgfcorearrows.code.tex 2015/05/14  (rcs-revision 1.43)
\pgfarrowsep=\dimen161
)
(C:\Users\Maren\AppData\Roaming\MiKTeX\2.9\tex\generic\pgf\basiclayer\pgfcoresh
ade.code.tex
File: pgfcoreshade.code.tex 2013/07/15  (rcs-revision 1.15)
\pgf@max=\dimen162
\pgf@sys@shading@range@num=\count117
)
(C:\Users\Maren\AppData\Roaming\MiKTeX\2.9\tex\generic\pgf\basiclayer\pgfcoreim
age.code.tex
File: pgfcoreimage.code.tex 2013/07/15  (rcs-revision 1.18)

(C:\Users\Maren\AppData\Roaming\MiKTeX\2.9\tex\generic\pgf\basiclayer\pgfcoreex
ternal.code.tex
File: pgfcoreexternal.code.tex 2014/07/09  (rcs-revision 1.21)
\pgfexternal@startupbox=\box39
))
(C:\Users\Maren\AppData\Roaming\MiKTeX\2.9\tex\generic\pgf\basiclayer\pgfcorela
yers.code.tex
File: pgfcorelayers.code.tex 2013/07/18  (rcs-revision 1.7)
)
(C:\Users\Maren\AppData\Roaming\MiKTeX\2.9\tex\generic\pgf\basiclayer\pgfcoretr
ansparency.code.tex
File: pgfcoretransparency.code.tex 2013/09/30  (rcs-revision 1.5)
)
(C:\Users\Maren\AppData\Roaming\MiKTeX\2.9\tex\generic\pgf\basiclayer\pgfcorepa
tterns.code.tex
File: pgfcorepatterns.code.tex 2013/11/07  (rcs-revision 1.5)
)))
(C:\Users\Maren\AppData\Roaming\MiKTeX\2.9\tex\latex\pgf\utilities\xxcolor.sty
Package: xxcolor 2003/10/24 ver 0.1
\XC@nummixins=\count118
\XC@countmixins=\count119
) ("C:\Program Files\MiKTeX 2.9\tex\generic\oberdiek\atbegshi.sty"
Package: atbegshi 2016/06/09 v1.18 At begin shipout hook (HO)

("C:\Program Files\MiKTeX 2.9\tex\generic\oberdiek\infwarerr.sty"
Package: infwarerr 2016/05/16 v1.4 Providing info/warning/error messages (HO)
)
("C:\Program Files\MiKTeX 2.9\tex\generic\oberdiek\ltxcmds.sty"
Package: ltxcmds 2016/05/16 v1.23 LaTeX kernel commands for general use (HO)
))
("C:\Program Files\MiKTeX 2.9\tex\latex\hyperref\hyperref.sty"
Package: hyperref 2018/09/30 v6.88a Hypertext links for LaTeX

("C:\Program Files\MiKTeX 2.9\tex\generic\oberdiek\hobsub-hyperref.sty"
Package: hobsub-hyperref 2016/05/16 v1.14 Bundle oberdiek, subset hyperref (HO)


("C:\Program Files\MiKTeX 2.9\tex\generic\oberdiek\hobsub-generic.sty"
Package: hobsub-generic 2016/05/16 v1.14 Bundle oberdiek, subset generic (HO)
Package: hobsub 2016/05/16 v1.14 Construct package bundles (HO)
Package hobsub Info: Skipping package `infwarerr' (already loaded).
Package hobsub Info: Skipping package `ltxcmds' (already loaded).
Package: ifluatex 2016/05/16 v1.4 Provides the ifluatex switch (HO)
Package ifluatex Info: LuaTeX not detected.
Package hobsub Info: Skipping package `ifvtex' (already loaded).
Package: intcalc 2016/05/16 v1.2 Expandable calculations with integers (HO)
Package hobsub Info: Skipping package `ifpdf' (already loaded).
Package: etexcmds 2016/05/16 v1.6 Avoid name clashes with e-TeX commands (HO)
Package etexcmds Info: Could not find \expanded.
(etexcmds)             That can mean that you are not using pdfTeX 1.50 or
(etexcmds)             that some package has redefined \expanded.
(etexcmds)             In the latter case, load this package earlier.
Package: kvsetkeys 2016/05/16 v1.17 Key value parser (HO)
Package: kvdefinekeys 2016/05/16 v1.4 Define keys (HO)
Package: pdftexcmds 2018/09/10 v0.29 Utility functions of pdfTeX for LuaTeX (HO
)
Package pdftexcmds Info: LuaTeX not detected.
Package pdftexcmds Info: \pdf@primitive is available.
Package pdftexcmds Info: \pdf@ifprimitive is available.
Package pdftexcmds Info: \pdfdraftmode found.
Package: pdfescape 2016/05/16 v1.14 Implements pdfTeX's escape features (HO)
Package: bigintcalc 2016/05/16 v1.4 Expandable calculations on big integers (HO
)
Package: bitset 2016/05/16 v1.2 Handle bit-vector datatype (HO)
Package: uniquecounter 2016/05/16 v1.3 Provide unlimited unique counter (HO)
)
Package hobsub Info: Skipping package `hobsub' (already loaded).
Package: letltxmacro 2016/05/16 v1.5 Let assignment for LaTeX macros (HO)
Package: hopatch 2016/05/16 v1.3 Wrapper for package hooks (HO)
Package: xcolor-patch 2016/05/16 xcolor patch
Package: atveryend 2016/05/16 v1.9 Hooks at the very end of document (HO)
Package hobsub Info: Skipping package `atbegshi' (already loaded).
Package: refcount 2016/05/16 v3.5 Data extraction from label references (HO)
Package: hycolor 2016/05/16 v1.8 Color options for hyperref/bookmark (HO)
)
("C:\Program Files\MiKTeX 2.9\tex\latex\oberdiek\auxhook.sty"
Package: auxhook 2016/05/16 v1.4 Hooks for auxiliary files (HO)
)
("C:\Program Files\MiKTeX 2.9\tex\latex\oberdiek\kvoptions.sty"
Package: kvoptions 2016/05/16 v3.12 Key value format for package options (HO)
)
\@linkdim=\dimen163
\Hy@linkcounter=\count120
\Hy@pagecounter=\count121

("C:\Program Files\MiKTeX 2.9\tex\latex\hyperref\pd1enc.def"
File: pd1enc.def 2018/09/30 v6.88a Hyperref: PDFDocEncoding definition (HO)
Now handling font encoding PD1 ...
... no UTF-8 mapping file for font encoding PD1
)
\Hy@SavedSpaceFactor=\count122

("C:\Program Files\MiKTeX 2.9\tex\latex\00miktex\hyperref.cfg"
File: hyperref.cfg 2002/06/06 v1.2 hyperref configuration of TeXLive
)
Package hyperref Info: Option `bookmarks' set `true' on input line 4409.
Package hyperref Info: Option `bookmarksopen' set `true' on input line 4409.
Package hyperref Info: Option `implicit' set `false' on input line 4409.
Package hyperref Info: Hyper figures OFF on input line 4535.
Package hyperref Info: Link nesting OFF on input line 4540.
Package hyperref Info: Hyper index ON on input line 4543.
Package hyperref Info: Plain pages OFF on input line 4550.
Package hyperref Info: Backreferencing OFF on input line 4555.
Package hyperref Info: Implicit mode OFF; no redefinition of LaTeX internals.
Package hyperref Info: Bookmarks ON on input line 4788.
\c@Hy@tempcnt=\count123

(C:\Users\Maren\AppData\Roaming\MiKTeX\2.9\tex\latex\url\url.sty
\Urlmuskip=\muskip10
Package: url 2013/09/16  ver 3.4  Verb mode for urls, etc.
)
LaTeX Info: Redefining \url on input line 5141.
\XeTeXLinkMargin=\dimen164
\Fld@menulength=\count124
\Field@Width=\dimen165
\Fld@charsize=\dimen166
Package hyperref Info: Hyper figures OFF on input line 6396.
Package hyperref Info: Link nesting OFF on input line 6401.
Package hyperref Info: Hyper index ON on input line 6404.
Package hyperref Info: backreferencing OFF on input line 6411.
Package hyperref Info: Link coloring OFF on input line 6416.
Package hyperref Info: Link coloring with OCG OFF on input line 6421.
Package hyperref Info: PDF/A mode OFF on input line 6426.
LaTeX Info: Redefining \ref on input line 6466.
LaTeX Info: Redefining \pageref on input line 6470.
\Hy@abspage=\count125


Package hyperref Message: Stopped early.

)
Package hyperref Info: Driver (autodetected): hpdftex.
 ("C:\Program Files\MiKTeX 2.9\tex\latex\hyperref\hpdftex.def"
File: hpdftex.def 2018/09/30 v6.88a Hyperref driver for pdfTeX
\Fld@listcount=\count126
\c@bookmark@seq@number=\count127

("C:\Program Files\MiKTeX 2.9\tex\latex\oberdiek\rerunfilecheck.sty"
Package: rerunfilecheck 2016/05/16 v1.8 Rerun checks for auxiliary files (HO)
Package uniquecounter Info: New unique counter `rerunfilecheck' on input line 2
82.
))
(C:\Users\Maren\AppData\Roaming\MiKTeX\2.9\tex\latex\beamer\beamerbaserequires.
sty
(C:\Users\Maren\AppData\Roaming\MiKTeX\2.9\tex\latex\beamer\beamerbasecompatibi
lity.sty)
(C:\Users\Maren\AppData\Roaming\MiKTeX\2.9\tex\latex\beamer\beamerbasefont.sty
("C:\Program Files\MiKTeX 2.9\tex\latex\amsfonts\amssymb.sty"
Package: amssymb 2013/01/14 v3.01 AMS font symbols

("C:\Program Files\MiKTeX 2.9\tex\latex\amsfonts\amsfonts.sty"
Package: amsfonts 2013/01/14 v3.01 Basic AMSFonts support
\@emptytoks=\toks26
\symAMSa=\mathgroup4
\symAMSb=\mathgroup5
LaTeX Font Info:    Overwriting math alphabet `\mathfrak' in version `bold'
(Font)                  U/euf/m/n --> U/euf/b/n on input line 106.
))
(C:\Users\Maren\AppData\Roaming\MiKTeX\2.9\tex\latex\sansmathaccent\sansmathacc
ent.sty
Package: sansmathaccent 2013/03/28

(C:\Users\Maren\AppData\Roaming\MiKTeX\2.9\tex\latex\filehook\filehook.sty
Package: filehook 2011/10/12 v0.5d Hooks for input files
)))
(C:\Users\Maren\AppData\Roaming\MiKTeX\2.9\tex\latex\beamer\beamerbasetranslato
r.sty
(C:\Users\Maren\AppData\Roaming\MiKTeX\2.9\tex\latex\translator\translator.sty
Package: translator 2018/01/04 v1.12 Easy translation of strings in LaTeX
))
(C:\Users\Maren\AppData\Roaming\MiKTeX\2.9\tex\latex\beamer\beamerbasemisc.sty)

(C:\Users\Maren\AppData\Roaming\MiKTeX\2.9\tex\latex\beamer\beamerbasetwoscreen
s.sty)
(C:\Users\Maren\AppData\Roaming\MiKTeX\2.9\tex\latex\beamer\beamerbaseoverlay.s
ty
\beamer@argscount=\count128
\beamer@lastskipcover=\skip44
\beamer@trivlistdepth=\count129
)
(C:\Users\Maren\AppData\Roaming\MiKTeX\2.9\tex\latex\beamer\beamerbasetitle.sty
)
(C:\Users\Maren\AppData\Roaming\MiKTeX\2.9\tex\latex\beamer\beamerbasesection.s
ty
\c@lecture=\count130
\c@part=\count131
\c@section=\count132
\c@subsection=\count133
\c@subsubsection=\count134
)
(C:\Users\Maren\AppData\Roaming\MiKTeX\2.9\tex\latex\beamer\beamerbaseframe.sty
\beamer@framebox=\box40
\beamer@frametitlebox=\box41
\beamer@zoombox=\box42
\beamer@zoomcount=\count135
\beamer@zoomframecount=\count136
\beamer@frametextheight=\dimen167
\c@subsectionslide=\count137
\beamer@frametopskip=\skip45
\beamer@framebottomskip=\skip46
\beamer@frametopskipautobreak=\skip47
\beamer@framebottomskipautobreak=\skip48
\beamer@envbody=\toks27
\framewidth=\dimen168
\c@framenumber=\count138
)
(C:\Users\Maren\AppData\Roaming\MiKTeX\2.9\tex\latex\beamer\beamerbaseverbatim.
sty
\beamer@verbatimfileout=\write4
)
(C:\Users\Maren\AppData\Roaming\MiKTeX\2.9\tex\latex\beamer\beamerbaseframesize
.sty
\beamer@splitbox=\box43
\beamer@autobreakcount=\count139
\beamer@autobreaklastheight=\dimen169
\beamer@frametitletoks=\toks28
\beamer@framesubtitletoks=\toks29
)
(C:\Users\Maren\AppData\Roaming\MiKTeX\2.9\tex\latex\beamer\beamerbaseframecomp
onents.sty
\beamer@footins=\box44
)
(C:\Users\Maren\AppData\Roaming\MiKTeX\2.9\tex\latex\beamer\beamerbasecolor.sty
)
(C:\Users\Maren\AppData\Roaming\MiKTeX\2.9\tex\latex\beamer\beamerbasenotes.sty
\beamer@frameboxcopy=\box45
) (C:\Users\Maren\AppData\Roaming\MiKTeX\2.9\tex\latex\beamer\beamerbasetoc.sty
)
(C:\Users\Maren\AppData\Roaming\MiKTeX\2.9\tex\latex\beamer\beamerbasetemplates
.sty
\beamer@sbttoks=\toks30

(C:\Users\Maren\AppData\Roaming\MiKTeX\2.9\tex\latex\beamer\beamerbaseauxtempla
tes.sty
(C:\Users\Maren\AppData\Roaming\MiKTeX\2.9\tex\latex\beamer\beamerbaseboxes.sty
\bmb@box=\box46
\bmb@colorbox=\box47
\bmb@boxshadow=\box48
\bmb@boxshadowball=\box49
\bmb@boxshadowballlarge=\box50
\bmb@temp=\dimen170
\bmb@dima=\dimen171
\bmb@dimb=\dimen172
\bmb@prevheight=\dimen173
)
\beamer@blockheadheight=\dimen174
))
(C:\Users\Maren\AppData\Roaming\MiKTeX\2.9\tex\latex\beamer\beamerbaselocalstru
cture.sty ("C:\Program Files\MiKTeX 2.9\tex\latex\tools\enumerate.sty"
Package: enumerate 2015/07/23 v3.00 enumerate extensions (DPC)
\@enLab=\toks31
)
\c@figure=\count140
\c@table=\count141
\abovecaptionskip=\skip49
\belowcaptionskip=\skip50
)
(C:\Users\Maren\AppData\Roaming\MiKTeX\2.9\tex\latex\beamer\beamerbasenavigatio
n.sty
\beamer@section@min@dim=\dimen175
)
(C:\Users\Maren\AppData\Roaming\MiKTeX\2.9\tex\latex\beamer\beamerbasetheorems.
sty ("C:\Program Files\MiKTeX 2.9\tex\latex\amsmath\amsmath.sty"
Package: amsmath 2017/09/02 v2.17a AMS math features
\@mathmargin=\skip51

For additional information on amsmath, use the `?' option.
("C:\Program Files\MiKTeX 2.9\tex\latex\amsmath\amstext.sty"
Package: amstext 2000/06/29 v2.01 AMS text

("C:\Program Files\MiKTeX 2.9\tex\latex\amsmath\amsgen.sty"
File: amsgen.sty 1999/11/30 v2.0 generic functions
\@emptytoks=\toks32
\ex@=\dimen176
))
("C:\Program Files\MiKTeX 2.9\tex\latex\amsmath\amsbsy.sty"
Package: amsbsy 1999/11/29 v1.2d Bold Symbols
\pmbraise@=\dimen177
)
("C:\Program Files\MiKTeX 2.9\tex\latex\amsmath\amsopn.sty"
Package: amsopn 2016/03/08 v2.02 operator names
)
\inf@bad=\count142
LaTeX Info: Redefining \frac on input line 213.
\uproot@=\count143
\leftroot@=\count144
LaTeX Info: Redefining \overline on input line 375.
\classnum@=\count145
\DOTSCASE@=\count146
LaTeX Info: Redefining \ldots on input line 472.
LaTeX Info: Redefining \dots on input line 475.
LaTeX Info: Redefining \cdots on input line 596.
\Mathstrutbox@=\box51
\strutbox@=\box52
\big@size=\dimen178
LaTeX Font Info:    Redeclaring font encoding OML on input line 712.
LaTeX Font Info:    Redeclaring font encoding OMS on input line 713.
\macc@depth=\count147
\c@MaxMatrixCols=\count148
\dotsspace@=\muskip11
\c@parentequation=\count149
\dspbrk@lvl=\count150
\tag@help=\toks33
\row@=\count151
\column@=\count152
\maxfields@=\count153
\andhelp@=\toks34
\eqnshift@=\dimen179
\alignsep@=\dimen180
\tagshift@=\dimen181
\tagwidth@=\dimen182
\totwidth@=\dimen183
\lineht@=\dimen184
\@envbody=\toks35
\multlinegap=\skip52
\multlinetaggap=\skip53
\mathdisplay@stack=\toks36
LaTeX Info: Redefining \[ on input line 2817.
LaTeX Info: Redefining \] on input line 2818.
)
("C:\Program Files\MiKTeX 2.9\tex\latex\amscls\amsthm.sty"
Package: amsthm 2017/10/31 v2.20.4
\thm@style=\toks37
\thm@bodyfont=\toks38
\thm@headfont=\toks39
\thm@notefont=\toks40
\thm@headpunct=\toks41
\thm@preskip=\skip54
\thm@postskip=\skip55
\thm@headsep=\skip56
\dth@everypar=\toks42
)
\c@theorem=\count154
)
(C:\Users\Maren\AppData\Roaming\MiKTeX\2.9\tex\latex\beamer\beamerbasethemes.st
y))
(C:\Users\Maren\AppData\Roaming\MiKTeX\2.9\tex\latex\beamer\beamerthemedefault.
sty
(C:\Users\Maren\AppData\Roaming\MiKTeX\2.9\tex\latex\beamer\beamerfontthemedefa
ult.sty)
(C:\Users\Maren\AppData\Roaming\MiKTeX\2.9\tex\latex\beamer\beamercolorthemedef
ault.sty)
(C:\Users\Maren\AppData\Roaming\MiKTeX\2.9\tex\latex\beamer\beamerinnerthemedef
ault.sty
\beamer@dima=\dimen185
\beamer@dimb=\dimen186
)
(C:\Users\Maren\AppData\Roaming\MiKTeX\2.9\tex\latex\beamer\beamerouterthemedef
ault.sty)))
(C:\Users\Maren\AppData\Roaming\MiKTeX\2.9\tex\latex\beamertheme-metropolis\bea
merthememetropolis.sty
Package: beamerthememetropolis 2017/01/23 v1.2 Metropolis Beamer theme

(C:\Users\Maren\AppData\Roaming\MiKTeX\2.9\tex\latex\pgfopts\pgfopts.sty
Package: pgfopts 2014/07/10 v2.1a LaTeX package options with pgfkeys

(C:\Users\Maren\AppData\Roaming\MiKTeX\2.9\tex\latex\pgf\utilities\pgfkeys.sty
(C:\Users\Maren\AppData\Roaming\MiKTeX\2.9\tex\generic\pgf\utilities\pgfkeys.co
de.tex))
\pgfopts@list@add@a@toks=\toks43
\pgfopts@list@add@b@toks=\toks44
)
(C:\Users\Maren\AppData\Roaming\MiKTeX\2.9\tex\latex\beamertheme-metropolis\bea
merinnerthememetropolis.sty
Package: beamerinnerthememetropolis 2017/01/23 Metropolis inner theme

("C:\Program Files\MiKTeX 2.9\tex\latex\tools\calc.sty"
Package: calc 2017/05/25 v4.3 Infix arithmetic (KKT,FJ)
\calc@Acount=\count155
\calc@Bcount=\count156
\calc@Adimen=\dimen187
\calc@Bdimen=\dimen188
\calc@Askip=\skip57
\calc@Bskip=\skip58
LaTeX Info: Redefining \setlength on input line 80.
LaTeX Info: Redefining \addtolength on input line 81.
\calc@Ccount=\count157
\calc@Cskip=\skip59
)
(C:\Users\Maren\AppData\Roaming\MiKTeX\2.9\tex\latex\pgf\frontendlayer\tikz.sty
(C:\Users\Maren\AppData\Roaming\MiKTeX\2.9\tex\latex\pgf\basiclayer\pgf.sty
Package: pgf 2015/08/07 v3.0.1a (rcs-revision 1.15)

(C:\Users\Maren\AppData\Roaming\MiKTeX\2.9\tex\generic\pgf\modules\pgfmodulesha
pes.code.tex
File: pgfmoduleshapes.code.tex 2014/03/21  (rcs-revision 1.35)
\pgfnodeparttextbox=\box53
)
(C:\Users\Maren\AppData\Roaming\MiKTeX\2.9\tex\generic\pgf\modules\pgfmoduleplo
t.code.tex
File: pgfmoduleplot.code.tex 2015/08/03  (rcs-revision 1.13)
)
(C:\Users\Maren\AppData\Roaming\MiKTeX\2.9\tex\latex\pgf\compatibility\pgfcomp-
version-0-65.sty
Package: pgfcomp-version-0-65 2007/07/03 v3.0.1a (rcs-revision 1.7)
\pgf@nodesepstart=\dimen189
\pgf@nodesepend=\dimen190
)
(C:\Users\Maren\AppData\Roaming\MiKTeX\2.9\tex\latex\pgf\compatibility\pgfcomp-
version-1-18.sty
Package: pgfcomp-version-1-18 2007/07/23 v3.0.1a (rcs-revision 1.1)
))
(C:\Users\Maren\AppData\Roaming\MiKTeX\2.9\tex\latex\pgf\utilities\pgffor.sty
(C:\Users\Maren\AppData\Roaming\MiKTeX\2.9\tex\latex\pgf\math\pgfmath.sty
(C:\Users\Maren\AppData\Roaming\MiKTeX\2.9\tex\generic\pgf\math\pgfmath.code.te
x))
(C:\Users\Maren\AppData\Roaming\MiKTeX\2.9\tex\generic\pgf\utilities\pgffor.cod
e.tex
Package: pgffor 2013/12/13 v3.0.1a (rcs-revision 1.25)

(C:\Users\Maren\AppData\Roaming\MiKTeX\2.9\tex\generic\pgf\math\pgfmath.code.te
x)
\pgffor@iter=\dimen191
\pgffor@skip=\dimen192
\pgffor@stack=\toks45
\pgffor@toks=\toks46
))
(C:\Users\Maren\AppData\Roaming\MiKTeX\2.9\tex\generic\pgf\frontendlayer\tikz\t
ikz.code.tex
Package: tikz 2015/08/07 v3.0.1a (rcs-revision 1.151)

(C:\Users\Maren\AppData\Roaming\MiKTeX\2.9\tex\generic\pgf\libraries\pgflibrary
plothandlers.code.tex
File: pgflibraryplothandlers.code.tex 2013/08/31 v3.0.1a (rcs-revision 1.20)
\pgf@plot@mark@count=\count158
\pgfplotmarksize=\dimen193
)
\tikz@lastx=\dimen194
\tikz@lasty=\dimen195
\tikz@lastxsaved=\dimen196
\tikz@lastysaved=\dimen197
\tikzleveldistance=\dimen198
\tikzsiblingdistance=\dimen199
\tikz@figbox=\box54
\tikz@figbox@bg=\box55
\tikz@tempbox=\box56
\tikz@tempbox@bg=\box57
\tikztreelevel=\count159
\tikznumberofchildren=\count160
\tikznumberofcurrentchild=\count161
\tikz@fig@count=\count162

(C:\Users\Maren\AppData\Roaming\MiKTeX\2.9\tex\generic\pgf\modules\pgfmodulemat
rix.code.tex
File: pgfmodulematrix.code.tex 2013/09/17  (rcs-revision 1.8)
\pgfmatrixcurrentrow=\count163
\pgfmatrixcurrentcolumn=\count164
\pgf@matrix@numberofcolumns=\count165
)
\tikz@expandcount=\count166

(C:\Users\Maren\AppData\Roaming\MiKTeX\2.9\tex\generic\pgf\frontendlayer\tikz\l
ibraries\tikzlibrarytopaths.code.tex
File: tikzlibrarytopaths.code.tex 2008/06/17 v3.0.1a (rcs-revision 1.2)
)))
\metropolis@titleseparator@linewidth=\skip60
\metropolis@progressonsectionpage=\skip61
\metropolis@progressonsectionpage@linewidth=\skip62
\metropolis@blocksep=\skip63
\metropolis@blockadjust=\skip64
\metropolis@parskip=\skip65
)
(C:\Users\Maren\AppData\Roaming\MiKTeX\2.9\tex\latex\beamertheme-metropolis\bea
merouterthememetropolis.sty
Package: beamerouterthememetropolis 2017/01/23 Metropolis outer theme
\metropolis@frametitle@padding=\skip66
\metropolis@progressinheadfoot=\skip67
\metropolis@progressinheadfoot@linewidth=\skip68
)
(C:\Users\Maren\AppData\Roaming\MiKTeX\2.9\tex\latex\beamertheme-metropolis\bea
mercolorthememetropolis.sty
Package: beamercolorthememetropolis 2017/01/23 Metropolis color theme
)
(C:\Users\Maren\AppData\Roaming\MiKTeX\2.9\tex\latex\beamertheme-metropolis\bea
merfontthememetropolis.sty
Package: beamerfontthememetropolis 2017/01/23 Metropolis font theme


Package beamerthememetropolis Warning: You need to compile with XeLaTeX or LuaL
aTeX to use the Fira fonts on input line 95.

)) ("C:\Program Files\MiKTeX 2.9\tex\generic\babel\babel.sty"
Package: babel 2018/09/26 3.24 The Babel package

("C:\Program Files\MiKTeX 2.9\tex\generic\babel\switch.def"
File: switch.def 2018/09/26 3.24 Babel switching mechanism
)
*************************************
* Local config file bblopts.cfg used
*
(C:\Users\Maren\AppData\Roaming\MiKTeX\2.9\tex\latex\arabi\bblopts.cfg
File: bblopts.cfg 2005/09/08 v0.1 add Arabic and Farsi to "declared" options of
 babel
)
("C:\Program Files\MiKTeX 2.9\tex\latex\babel-german\ngerman.ldf"
Language: ngerman 2018/03/29 v2.10 German support for babel (post-1996 orthogra
phy)

("C:\Program Files\MiKTeX 2.9\tex\latex\babel-german\ngermanb.ldf"
Language: ngermanb 2018/03/29 v2.10 German support for babel (post-1996 orthogr
aphy)

("C:\Program Files\MiKTeX 2.9\tex\generic\babel\babel.def"
File: babel.def 2018/09/26 3.24 Babel common definitions
\babel@savecnt=\count167
\U@D=\dimen256

("C:\Program Files\MiKTeX 2.9\tex\generic\babel\txtbabel.def")
LaTeX Info: Redefining \textlatin on input line 1976.
\bbl@dirlevel=\count168
)
Package babel Info: Making " an active character on input line 121.
)))
("C:\Program Files\MiKTeX 2.9\tex\latex\base\inputenc.sty"
Package: inputenc 2018/04/06 v1.3b Input encoding file
\inpenc@prehook=\toks47
\inpenc@posthook=\toks48
)
("C:\Program Files\MiKTeX 2.9\tex\latex\float\float.sty"
Package: float 2001/11/08 v1.3d Float enhancements (AL)
\c@float@type=\count169
\float@exts=\toks49
\float@box=\box58
\@float@everytoks=\toks50
\@floatcapt=\box59
)
(C:\Users\Maren\AppData\Roaming\MiKTeX\2.9\tex\latex\wrapfig\wrapfig.sty
\wrapoverhang=\dimen257
\WF@size=\dimen258
\c@WF@wrappedlines=\count170
\WF@box=\box60
\WF@everypar=\toks51
Package: wrapfig 2003/01/31  v 3.6
)
(C:\Users\Maren\AppData\Roaming\MiKTeX\2.9\tex\latex\subfigure\subfigure.sty
Package: subfigure 2002/07/30 v2.1.4 subfigure package
\subfigtopskip=\skip69
\subfigcapskip=\skip70
\subfigcaptopadj=\dimen259
\subfigbottomskip=\skip71
\subfigcapmargin=\dimen260
\subfiglabelskip=\skip72
\c@subfigure=\count171
\c@lofdepth=\count172
\c@subtable=\count173
\c@lotdepth=\count174

****************************************
* Local config file subfigure.cfg used *
****************************************
(C:\Users\Maren\AppData\Roaming\MiKTeX\2.9\tex\latex\subfigure\subfigure.cfg)
\subfig@top=\skip73
\subfig@bottom=\skip74
)
(C:\Users\Maren\AppData\Roaming\MiKTeX\2.9\tex\latex\caption\caption.sty
Package: caption 2018/10/06 v3.3-154 Customizing captions (AR)

(C:\Users\Maren\AppData\Roaming\MiKTeX\2.9\tex\latex\caption\caption3.sty
Package: caption3 2018/09/12 v1.8c caption3 kernel (AR)
Package caption3 Info: TeX engine: e-TeX on input line 64.
\captionmargin=\dimen261
\captionmargin@=\dimen262
\captionwidth=\dimen263
\caption@tempdima=\dimen264
\caption@indent=\dimen265
\caption@parindent=\dimen266
\caption@hangindent=\dimen267
)
\c@caption@flags=\count175
\c@ContinuedFloat=\count176
Package caption Info: beamer document class.
Package caption Info: float package is loaded.
Package caption Info: hyperref package is loaded.
Package caption Info: Hyperref support is turned off
(caption)             because hyperref has stopped early.
Package caption Info: subfigure package is loaded.
Package caption Info: wrapfig package is loaded.
)
(C:\Users\Maren\AppData\Roaming\MiKTeX\2.9\tex\latex\hepnames\hepnames.sty
Package: hepnames 2014/12/01 Pre-defined HEP particle symbols (version 2.0)

(C:\Users\Maren\AppData\Roaming\MiKTeX\2.9\tex\latex\hepnames\hepnicenames.sty
Package: hepnicenames 2014/12/01 Friendly alternatives to the PEN particle code
s (version 2.0)

(C:\Users\Maren\AppData\Roaming\MiKTeX\2.9\tex\latex\hepnames\heppennames.sty
Package: heppennames 2014/12/01 Elementary Particle Naming Scheme (version 2.0)


(C:\Users\Maren\AppData\Roaming\MiKTeX\2.9\tex\latex\hepparticles\hepparticles.
sty
Package: hepparticles 2014/12/01 HEP particle typesetting (v2.0)
 (C:\Users\Maren\AppData\Roaming\MiKTeX\2.9\tex\latex\subdepth\subdepth.sty
Package: subdepth 2007/09/02 v0.1 Unify subscript depths
)
LaTeX Font Info:    Overwriting math alphabet `\mathup' in version `bold'
(Font)                  OT1/cmss/m/n --> OT1/cmss/bx/n on input line 110.
LaTeX Font Info:    Overwriting math alphabet `\mathsfup' in version `bold'
(Font)                  OT1/cmss/m/n --> OT1/cmss/bx/n on input line 113.
LaTeX Font Info:    Overwriting math alphabet `\mathsfit' in version `bold'
(Font)                  OT1/cmss/m/sl --> OT1/cmss/bx/sl on input line 116.
) ("C:\Program Files\MiKTeX 2.9\tex\latex\tools\xspace.sty"
Package: xspace 2014/10/28 v1.13 Space after command names (DPC,MH)
))))
(C:\Users\Maren\AppData\Roaming\MiKTeX\2.9\tex\latex\csquotes\csquotes.sty
Package: csquotes 2018/04/13 v5.2d context-sensitive quotations (JAW)
\csq@reset=\count177
\csq@gtype=\count178
\csq@glevel=\count179
\csq@qlevel=\count180
\csq@maxlvl=\count181
\csq@tshold=\count182
\csq@ltx@everypar=\toks52

(C:\Users\Maren\AppData\Roaming\MiKTeX\2.9\tex\latex\csquotes\csquotes.def
File: csquotes.def 2018/04/13 v5.2d csquotes generic definitions (JAW)
)
Package csquotes Info: Trying to load configuration file 'csquotes.cfg'...
Package csquotes Info: ... configuration file loaded successfully.

(C:\Users\Maren\AppData\Roaming\MiKTeX\2.9\tex\latex\csquotes\csquotes.cfg
File: csquotes.cfg 
))
(C:\Users\Maren\AppData\Roaming\MiKTeX\2.9\tex\latex\biblatex\biblatex.sty
Package: biblatex 2018/03/04 v3.11 programmable bibliographies (PK/MW)

(C:\Users\Maren\AppData\Roaming\MiKTeX\2.9\tex\latex\logreq\logreq.sty
Package: logreq 2010/08/04 v1.0 xml request logger
\lrq@indent=\count183

(C:\Users\Maren\AppData\Roaming\MiKTeX\2.9\tex\latex\logreq\logreq.def
File: logreq.def 2010/08/04 v1.0 logreq spec v1.0
))
("C:\Program Files\MiKTeX 2.9\tex\latex\base\ifthen.sty"
Package: ifthen 2014/09/29 v1.1c Standard LaTeX ifthen package (DPC)
)
(C:\Users\Maren\AppData\Roaming\MiKTeX\2.9\tex\latex\xstring\xstring.sty
(C:\Users\Maren\AppData\Roaming\MiKTeX\2.9\tex\generic\xstring\xstring.tex
\@xs@message=\write5
\integerpart=\count184
\decimalpart=\count185
)
Package: xstring 2013/10/13  v1.7c  String manipulations (C Tellechea)
)
\c@tabx@nest=\count186
\c@listtotal=\count187
\c@listcount=\count188
\c@liststart=\count189
\c@liststop=\count190
\c@citecount=\count191
\c@citetotal=\count192
\c@multicitecount=\count193
\c@multicitetotal=\count194
\c@instcount=\count195
\c@maxnames=\count196
\c@minnames=\count197
\c@maxitems=\count198
\c@minitems=\count199
\c@citecounter=\count266
\c@savedcitecounter=\count267
\c@uniquelist=\count268
\c@uniquename=\count269
\c@refsection=\count270
\c@refsegment=\count271
\c@maxextratitle=\count272
\c@maxextratitleyear=\count273
\c@maxextradate=\count274
\c@maxextraalpha=\count275
\c@abbrvpenalty=\count276
\c@highnamepenalty=\count277
\c@lownamepenalty=\count278
\c@maxparens=\count279
\c@parenlevel=\count280
\blx@tempcnta=\count281
\blx@tempcntb=\count282
\blx@tempcntc=\count283
\blx@maxsection=\count284
\blx@maxsegment@0=\count285
\blx@notetype=\count286
\blx@parenlevel@text=\count287
\blx@parenlevel@foot=\count288
\blx@sectionciteorder@0=\count289
\labelnumberwidth=\skip75
\labelalphawidth=\skip76
\biblabelsep=\skip77
\bibitemsep=\skip78
\bibnamesep=\skip79
\bibinitsep=\skip80
\bibparsep=\skip81
\bibhang=\skip82
\blx@bcfin=\read2
\blx@bcfout=\write6
\c@mincomprange=\count290
\c@maxcomprange=\count291
\c@mincompwidth=\count292
Package biblatex Info: Trying to load biblatex default data model...
Package biblatex Info: ... file 'blx-dm.def' found.

(C:\Users\Maren\AppData\Roaming\MiKTeX\2.9\tex\latex\biblatex\blx-dm.def
File: blx-dm.def 2018/03/04 v3.11 biblatex localization (PK/MW)
)
Package biblatex Info: Trying to load biblatex style data model...
Package biblatex Info: ... file 'numeric.dbx' not found.
Package biblatex Info: Trying to load biblatex custom data model...
Package biblatex Info: ... file 'biblatex-dm.cfg' not found.
\c@afterword=\count293
\c@savedafterword=\count294
\c@annotator=\count295
\c@savedannotator=\count296
\c@author=\count297
\c@savedauthor=\count298
\c@bookauthor=\count299
\c@savedbookauthor=\count300
\c@commentator=\count301
\c@savedcommentator=\count302
\c@editor=\count303
\c@savededitor=\count304
\c@editora=\count305
\c@savededitora=\count306
\c@editorb=\count307
\c@savededitorb=\count308
\c@editorc=\count309
\c@savededitorc=\count310
\c@foreword=\count311
\c@savedforeword=\count312
\c@holder=\count313
\c@savedholder=\count314
\c@introduction=\count315
\c@savedintroduction=\count316
\c@namea=\count317
\c@savednamea=\count318
\c@nameb=\count319
\c@savednameb=\count320
\c@namec=\count321
\c@savednamec=\count322
\c@translator=\count323
\c@savedtranslator=\count324
\c@shortauthor=\count325
\c@savedshortauthor=\count326
\c@shorteditor=\count327
\c@savedshorteditor=\count328
\c@labelname=\count329
\c@savedlabelname=\count330
\c@institution=\count331
\c@savedinstitution=\count332
\c@lista=\count333
\c@savedlista=\count334
\c@listb=\count335
\c@savedlistb=\count336
\c@listc=\count337
\c@savedlistc=\count338
\c@listd=\count339
\c@savedlistd=\count340
\c@liste=\count341
\c@savedliste=\count342
\c@listf=\count343
\c@savedlistf=\count344
\c@location=\count345
\c@savedlocation=\count346
\c@organization=\count347
\c@savedorganization=\count348
\c@origlocation=\count349
\c@savedoriglocation=\count350
\c@origpublisher=\count351
\c@savedorigpublisher=\count352
\c@publisher=\count353
\c@savedpublisher=\count354
\c@language=\count355
\c@savedlanguage=\count356
\c@origlanguage=\count357
\c@savedoriglanguage=\count358
\c@pageref=\count359
\c@savedpageref=\count360
\shorthandwidth=\skip83
\shortjournalwidth=\skip84
\shortserieswidth=\skip85
\shorttitlewidth=\skip86
\shortauthorwidth=\skip87
\shorteditorwidth=\skip88
\locallabelnumberwidth=\skip89
\locallabelalphawidth=\skip90
\localshorthandwidth=\skip91
\localshortjournalwidth=\skip92
\localshortserieswidth=\skip93
\localshorttitlewidth=\skip94
\localshortauthorwidth=\skip95
\localshorteditorwidth=\skip96
Package biblatex Info: Trying to load compatibility code...
Package biblatex Info: ... file 'blx-compat.def' found.

(C:\Users\Maren\AppData\Roaming\MiKTeX\2.9\tex\latex\biblatex\blx-compat.def
File: blx-compat.def 2018/03/04 v3.11 biblatex compatibility (PK/MW)
)
Package biblatex Info: Trying to load generic definitions...
Package biblatex Info: ... file 'biblatex.def' found.

(C:\Users\Maren\AppData\Roaming\MiKTeX\2.9\tex\latex\biblatex\biblatex.def
File: biblatex.def 2018/03/04 v3.11 biblatex compatibility (PK/MW)
\c@textcitecount=\count361
\c@textcitetotal=\count362
\c@textcitemaxnames=\count363
\c@biburlnumpenalty=\count364
\c@biburlucpenalty=\count365
\c@biburllcpenalty=\count366
\c@smartand=\count367
)
Package biblatex Info: Trying to load bibliography style 'numeric'...
Package biblatex Info: ... file 'numeric.bbx' found.

(C:\Users\Maren\AppData\Roaming\MiKTeX\2.9\tex\latex\biblatex\bbx\numeric.bbx
File: numeric.bbx 2018/03/04 v3.11 biblatex bibliography style (PK/MW)
Package biblatex Info: Trying to load bibliography style 'standard'...
Package biblatex Info: ... file 'standard.bbx' found.

(C:\Users\Maren\AppData\Roaming\MiKTeX\2.9\tex\latex\biblatex\bbx\standard.bbx
File: standard.bbx 2018/03/04 v3.11 biblatex bibliography style (PK/MW)
\c@bbx:relatedcount=\count368
\c@bbx:relatedtotal=\count369
))
Package biblatex Info: Trying to load citation style 'numeric'...
Package biblatex Info: ... file 'numeric.cbx' found.
 (C:\Users\Maren\AppData\Roaming\MiKTeX\2.9\tex\latex\biblatex\cbx\numeric.cbx
File: numeric.cbx 2018/03/04 v3.11 biblatex citation style (PK/MW)
Package biblatex Info: Redefining '\cite'.
Package biblatex Info: Redefining '\parencite'.
Package biblatex Info: Redefining '\footcite'.
Package biblatex Info: Redefining '\footcitetext'.
Package biblatex Info: Redefining '\smartcite'.
Package biblatex Info: Redefining '\supercite'.
Package biblatex Info: Redefining '\textcite'.
Package biblatex Info: Redefining '\textcites'.
Package biblatex Info: Redefining '\cites'.
Package biblatex Info: Redefining '\parencites'.
Package biblatex Info: Redefining '\smartcites'.
)
Package biblatex Info: Trying to load configuration file...
Package biblatex Info: ... file 'biblatex.cfg' found.
 (C:\Users\Maren\AppData\Roaming\MiKTeX\2.9\tex\latex\biblatex\biblatex.cfg
File: biblatex.cfg 
))
(C:\Users\Maren\AppData\Roaming\MiKTeX\2.9\tex\latex\listings\listings.sty
\lst@mode=\count370
\lst@gtempboxa=\box61
\lst@token=\toks53
\lst@length=\count371
\lst@currlwidth=\dimen268
\lst@column=\count372
\lst@pos=\count373
\lst@lostspace=\dimen269
\lst@width=\dimen270
\lst@newlines=\count374
\lst@lineno=\count375
\lst@maxwidth=\dimen271

(C:\Users\Maren\AppData\Roaming\MiKTeX\2.9\tex\latex\listings\lstmisc.sty
File: lstmisc.sty 2018/09/02 1.7 (Carsten Heinz)
\c@lstnumber=\count376
\lst@skipnumbers=\count377
\lst@framebox=\box62
)
(C:\Users\Maren\AppData\Roaming\MiKTeX\2.9\tex\latex\listings\listings.cfg
File: listings.cfg 2018/09/02 1.7 listings configuration
))
Package: listings 2018/09/02 1.7 (Carsten Heinz)

(C:\Users\Maren\AppData\Roaming\MiKTeX\2.9\tex\latex\listings\lstlang1.sty
File: lstlang1.sty 2018/09/02 1.7 listings language file
)
LaTeX Info: Redefining \HepProcess on input line 62.
LaTeX Info: Redefining \HepProcess on input line 64.
LaTeX Info: Redefining \HepProcess on input line 66.
Package csquotes Info: Checking for multilingual support...
Package csquotes Info: ... found 'babel' package.
Package csquotes Info: Adjusting default style.
Package csquotes Info: Redefining alias 'default' -> 'ngerman'.
Package biblatex Info: Trying to load language 'ngerman'...
Package biblatex Info: ... file 'ngerman.lbx' found.

(C:\Users\Maren\AppData\Roaming\MiKTeX\2.9\tex\latex\biblatex\lbx\ngerman.lbx
File: ngerman.lbx 2018/03/04 v3.11 biblatex localization (PK/MW)
Package biblatex Info: Trying to load language 'german'...
Package biblatex Info: ... file 'german.lbx' found.

(C:\Users\Maren\AppData\Roaming\MiKTeX\2.9\tex\latex\biblatex\lbx\german.lbx
File: german.lbx 2018/03/04 v3.11 biblatex localization (PK/MW)
)
Package biblatex Info: Trying to load language 'german'...
Package biblatex Info: ... file 'german.lbx' found.

(C:\Users\Maren\AppData\Roaming\MiKTeX\2.9\tex\latex\biblatex\lbx\german.lbx
File: german.lbx 2018/03/04 v3.11 biblatex localization (PK/MW)
))
(index.aux (sections/intro.aux) (sections/codio.aux) (sections/general.aux)
(sections/types.aux) (sections/operators.aux) (sections/vars.aux)
(sections/if-clauses.aux) (sections/for-loop.aux) (sections/while-loop.aux)
(sections/wiederholung.aux) (sections/functions.aux)
(sections/datastructures.aux) (sections/fileio.aux) (sections/oop.aux)
(sections/compiled_vs_interpreted.aux) (sections/setup-python.aux)
(sections/setup-idle.aux) (sections/evaluation-literature.aux))
\openout1 = `index.aux'.

LaTeX Font Info:    Checking defaults for OML/cmm/m/it on input line 66.
LaTeX Font Info:    ... okay on input line 66.
LaTeX Font Info:    Checking defaults for T1/cmr/m/n on input line 66.
LaTeX Font Info:    ... okay on input line 66.
LaTeX Font Info:    Checking defaults for OT1/cmr/m/n on input line 66.
LaTeX Font Info:    ... okay on input line 66.
LaTeX Font Info:    Checking defaults for OMS/cmsy/m/n on input line 66.
LaTeX Font Info:    ... okay on input line 66.
LaTeX Font Info:    Checking defaults for OMX/cmex/m/n on input line 66.
LaTeX Font Info:    ... okay on input line 66.
LaTeX Font Info:    Checking defaults for U/cmr/m/n on input line 66.
LaTeX Font Info:    ... okay on input line 66.
LaTeX Font Info:    Checking defaults for PD1/pdf/m/n on input line 66.
LaTeX Font Info:    ... okay on input line 66.

*geometry* driver: auto-detecting
*geometry* detected driver: pdftex
*geometry* verbose mode - [ preamble ] result:
* driver: pdftex
* paper: custom
* layout: <same size as paper>
* layoutoffset:(h,v)=(0.0pt,0.0pt)
* modes: includehead includefoot 
* h-part:(L,W,R)=(28.45274pt, 307.28987pt, 28.45274pt)
* v-part:(T,H,B)=(0.0pt, 273.14662pt, 0.0pt)
* \paperwidth=364.19536pt
* \paperheight=273.14662pt
* \textwidth=307.28987pt
* \textheight=244.6939pt
* \oddsidemargin=-43.81725pt
* \evensidemargin=-43.81725pt
* \topmargin=-72.26999pt
* \headheight=14.22636pt
* \headsep=0.0pt
* \topskip=11.0pt
* \footskip=14.22636pt
* \marginparwidth=4.0pt
* \marginparsep=10.0pt
* \columnsep=10.0pt
* \skip\footins=10.0pt plus 4.0pt minus 2.0pt
* \hoffset=0.0pt
* \voffset=0.0pt
* \mag=1000
* \@twocolumnfalse
* \@twosidefalse
* \@mparswitchfalse
* \@reversemarginfalse
* (1in=72.27pt=25.4mm, 1cm=28.453pt)

(C:\Users\Maren\AppData\Roaming\MiKTeX\2.9\tex\context\base\supp-pdf.mkii
[Loading MPS to PDF converter (version 2006.09.02).]
\scratchcounter=\count378
\scratchdimen=\dimen272
\scratchbox=\box63
\nofMPsegments=\count379
\nofMParguments=\count380
\everyMPshowfont=\toks54
\MPscratchCnt=\count381
\MPscratchDim=\dimen273
\MPnumerator=\count382
\makeMPintoPDFobject=\count383
\everyMPtoPDFconversion=\toks55
) ("C:\Program Files\MiKTeX 2.9\tex\latex\oberdiek\epstopdf-base.sty"
Package: epstopdf-base 2016/05/15 v2.6 Base part for package epstopdf

("C:\Program Files\MiKTeX 2.9\tex\latex\oberdiek\grfext.sty"
Package: grfext 2016/05/16 v1.2 Manage graphics extensions (HO)
)
Package epstopdf-base Info: Redefining graphics rule for `.eps' on input line 4
38.
Package grfext Info: Graphics extension search list:
(grfext)             [.pdf,.png,.jpg,.mps,.jpeg,.jbig2,.jb2,.PDF,.PNG,.JPG,.JPE
G,.JBIG2,.JB2,.eps]
(grfext)             \AppendGraphicsExtensions on input line 456.
)
ABD: EveryShipout initializing macros
\AtBeginShipoutBox=\box64
Package hyperref Info: Link coloring OFF on input line 66.

("C:\Program Files\MiKTeX 2.9\tex\latex\hyperref\nameref.sty"
Package: nameref 2016/05/21 v2.44 Cross-referencing by name of section

("C:\Program Files\MiKTeX 2.9\tex\generic\oberdiek\gettitlestring.sty"
Package: gettitlestring 2016/05/16 v1.5 Cleanup title references (HO)
)
\c@section@level=\count384
)
LaTeX Info: Redefining \ref on input line 66.
LaTeX Info: Redefining \pageref on input line 66.
LaTeX Info: Redefining \nameref on input line 66.

(index.out) (index.out)
\@outlinefile=\write7
\openout7 = `index.out'.

LaTeX Font Info:    Overwriting symbol font `operators' in version `normal'
(Font)                  OT1/cmr/m/n --> OT1/cmss/m/n on input line 66.
LaTeX Font Info:    Overwriting symbol font `operators' in version `bold'
(Font)                  OT1/cmr/bx/n --> OT1/cmss/bx/n on input line 66.
\symnumbers=\mathgroup6
\sympureletters=\mathgroup7
LaTeX Font Info:    Overwriting math alphabet `\mathrm' in version `normal'
(Font)                  OT1/cmss/m/n --> OT1/cmr/m/n on input line 66.
LaTeX Font Info:    Redeclaring math alphabet \mathbf on input line 66.
LaTeX Font Info:    Overwriting math alphabet `\mathbf' in version `normal'
(Font)                  OT1/cmr/bx/n --> OT1/cmss/bx/n on input line 66.
LaTeX Font Info:    Overwriting math alphabet `\mathbf' in version `bold'
(Font)                  OT1/cmr/bx/n --> OT1/cmss/bx/n on input line 66.
LaTeX Font Info:    Redeclaring math alphabet \mathsf on input line 66.
LaTeX Font Info:    Overwriting math alphabet `\mathsf' in version `normal'
(Font)                  OT1/cmss/m/n --> OT1/cmss/m/n on input line 66.
LaTeX Font Info:    Overwriting math alphabet `\mathsf' in version `bold'
(Font)                  OT1/cmss/bx/n --> OT1/cmss/m/n on input line 66.
LaTeX Font Info:    Redeclaring math alphabet \mathit on input line 66.
LaTeX Font Info:    Overwriting math alphabet `\mathit' in version `normal'
(Font)                  OT1/cmr/m/it --> OT1/cmss/m/it on input line 66.
LaTeX Font Info:    Overwriting math alphabet `\mathit' in version `bold'
(Font)                  OT1/cmr/bx/it --> OT1/cmss/m/it on input line 66.
LaTeX Font Info:    Redeclaring math alphabet \mathtt on input line 66.
LaTeX Font Info:    Overwriting math alphabet `\mathtt' in version `normal'
(Font)                  OT1/cmtt/m/n --> OT1/cmtt/m/n on input line 66.
LaTeX Font Info:    Overwriting math alphabet `\mathtt' in version `bold'
(Font)                  OT1/cmtt/m/n --> OT1/cmtt/m/n on input line 66.
LaTeX Font Info:    Overwriting symbol font `numbers' in version `bold'
(Font)                  OT1/cmss/m/n --> OT1/cmss/bx/n on input line 66.
LaTeX Font Info:    Overwriting symbol font `pureletters' in version `bold'
(Font)                  OT1/cmss/m/it --> OT1/cmss/bx/it on input line 66.
LaTeX Font Info:    Overwriting math alphabet `\mathrm' in version `bold'
(Font)                  OT1/cmss/bx/n --> OT1/cmr/bx/n on input line 66.
LaTeX Font Info:    Overwriting math alphabet `\mathbf' in version `bold'
(Font)                  OT1/cmss/bx/n --> OT1/cmss/bx/n on input line 66.
LaTeX Font Info:    Overwriting math alphabet `\mathsf' in version `bold'
(Font)                  OT1/cmss/m/n --> OT1/cmss/bx/n on input line 66.
LaTeX Font Info:    Overwriting math alphabet `\mathit' in version `bold'
(Font)                  OT1/cmss/m/it --> OT1/cmss/bx/it on input line 66.
LaTeX Font Info:    Overwriting math alphabet `\mathtt' in version `bold'
(Font)                  OT1/cmtt/m/n --> OT1/cmtt/bx/n on input line 66.
LaTeX Font Info:    Redeclaring symbol font `pureletters' on input line 66.
LaTeX Font Info:    Overwriting symbol font `pureletters' in version `normal'
(Font)                  OT1/cmss/m/it --> OT1/mathkerncmss/m/sl on input line 6
6.
LaTeX Font Info:    Overwriting symbol font `pureletters' in version `bold'
(Font)                  OT1/cmss/bx/it --> OT1/mathkerncmss/m/sl on input line 
66.
LaTeX Font Info:    Overwriting symbol font `pureletters' in version `bold'
(Font)                  OT1/mathkerncmss/m/sl --> OT1/mathkerncmss/bx/sl on inp
ut line 66.

(C:\Users\Maren\AppData\Roaming\MiKTeX\2.9\tex\latex\translator\translator-basi
c-dictionary-English.dict
Dictionary: translator-basic-dictionary, Language: English 
)
(C:\Users\Maren\AppData\Roaming\MiKTeX\2.9\tex\latex\translator\translator-bibl
iography-dictionary-English.dict
Dictionary: translator-bibliography-dictionary, Language: English 
)
(C:\Users\Maren\AppData\Roaming\MiKTeX\2.9\tex\latex\translator\translator-envi
ronment-dictionary-English.dict
Dictionary: translator-environment-dictionary, Language: English 
)
(C:\Users\Maren\AppData\Roaming\MiKTeX\2.9\tex\latex\translator\translator-mont
hs-dictionary-English.dict
Dictionary: translator-months-dictionary, Language: English 
)
(C:\Users\Maren\AppData\Roaming\MiKTeX\2.9\tex\latex\translator\translator-numb
ers-dictionary-English.dict
Dictionary: translator-numbers-dictionary, Language: English 
)
(C:\Users\Maren\AppData\Roaming\MiKTeX\2.9\tex\latex\translator\translator-theo
rem-dictionary-English.dict
Dictionary: translator-theorem-dictionary, Language: English 
)
Package caption Info: Begin \AtBeginDocument code.
Package caption Info: listings package is loaded.
Package caption Info: End \AtBeginDocument code.
Package biblatex Info: Input encoding 'utf8' detected.
Package biblatex Info: Automatic encoding selection.
(biblatex)             Assuming data encoding 'utf8'.
\openout6 = `index.bcf'.

Package biblatex Info: Trying to load bibliographic data...
Package biblatex Info: ... file 'index.bbl' found.
 (index.bbl)
Package biblatex Info: Reference section=0 on input line 66.
Package biblatex Info: Reference segment=0 on input line 66.
\c@lstlisting=\count385
 (index.nav)
LaTeX Font Info:    Try loading font information for OMS+cmss on input line 66.

LaTeX Font Info:    No file OMScmss.fd. on input line 66.


LaTeX Font Warning: Font shape `OMS/cmss/m/n' undefined
(Font)              using `OMS/cmsy/m/n' instead
(Font)              for symbol `textbar' on input line 66.

LaTeX Font Info:    Try loading font information for U+msa on input line 67.
("C:\Program Files\MiKTeX 2.9\tex\latex\amsfonts\umsa.fd"
File: umsa.fd 2013/01/14 v3.01 AMS symbols A
)
LaTeX Font Info:    Try loading font information for U+msb on input line 67.

("C:\Program Files\MiKTeX 2.9\tex\latex\amsfonts\umsb.fd"
File: umsb.fd 2013/01/14 v3.01 AMS symbols B
)
LaTeX Font Info:    Try loading font information for OT1+mathkerncmss on input 
line 67.

(C:\Users\Maren\AppData\Roaming\MiKTeX\2.9\tex\latex\sansmathaccent\ot1mathkern
cmss.fd
File: ot1mathkerncmss.fd 2013/03/27 Fontinst v1.933 font definitions for OT1/ma
thkerncmss.
)
Overfull \vbox (15.63992pt too high) detected at line 67
 []

LaTeX Info: Redefining \HepProcess on input line 67.
[1

{C:/Users/Maren/AppData/Local/MiKTeX/2.9/pdftex/config/pdftex.map}]
\openout2 = `sections/intro.aux'.


(sections/intro.tex
LaTeX Info: Redefining \HepProcess on input line 1.
LaTeX Info: Redefining \HepProcess on input line 1.
 [2


]
LaTeX Info: Redefining \HepProcess on input line 11.
 [3

]
LaTeX Info: Redefining \HepProcess on input line 21.
 [4

]
Overfull \hbox (19.9039pt too wide) in paragraph at lines 33--33
[][]  
 []

LaTeX Info: Redefining \HepProcess on input line 33.
[5

]
LaTeX Info: Redefining \HepProcess on input line 48.
 [6

]
<images/best_lang.png, id=90, 300.12125pt x 330.23375pt>
File: images/best_lang.png Graphic file (type png)
<use images/best_lang.png>
Package pdftex.def Info: images/best_lang.png  used on input line 65.
(pdftex.def)             Requested size: 150.06026pt x 165.11646pt.
LaTeX Info: Redefining \HepProcess on input line 65.
 [7

 <./images/best_lang.png>])
\openout2 = `sections/codio.aux'.

 (sections/codio.tex
LaTeX Info: Redefining \HepProcess on input line 1.
LaTeX Info: Redefining \HepProcess on input line 1.
 [8



]
LaTeX Info: Redefining \HepProcess on input line 5.
 [9

])
\openout2 = `sections/general.aux'.


(sections/general.tex
\openout4 = `index.vrb'.

 (index.vrb)
LaTeX Info: Redefining \HepProcess on input line 14.
 [10



]
\openout4 = `index.vrb'.

 (index.vrb)
LaTeX Info: Redefining \HepProcess on input line 24.
 [11

]
LaTeX Info: Redefining \HepProcess on input line 32.
 [12

]
LaTeX Info: Redefining \HepProcess on input line 39.
 [13

]
\@verb\pythonenglish=\box65
LaTeX Info: Redefining \HepProcess on input line 64.
 [14

])
\openout2 = `sections/types.aux'.


(sections/types.tex
LaTeX Info: Redefining \HepProcess on input line 1.
LaTeX Info: Redefining \HepProcess on input line 1.
 [15



]
\openout4 = `index.vrb'.

 (index.vrb)
LaTeX Info: Redefining \HepProcess on input line 10.
 [16

]
\openout4 = `index.vrb'.

 (index.vrb)
LaTeX Info: Redefining \HepProcess on input line 22.
 [17

]
\openout4 = `index.vrb'.

 (index.vrb)
LaTeX Info: Redefining \HepProcess on input line 38.
 [18

]
\openout4 = `index.vrb'.


(index.vrb)
LaTeX Info: Redefining \HepProcess on input line 51.
 [19

]
\openout4 = `index.vrb'.

 (index.vrb)
LaTeX Info: Redefining \HepProcess on input line 77.
 [20

]
\openout4 = `index.vrb'.

 (index.vrb)
LaTeX Info: Redefining \HepProcess on input line 91.
 [21

]
\openout4 = `index.vrb'.

 (index.vrb)
LaTeX Info: Redefining \HepProcess on input line 112.
 [22

] (index.vrb)
LaTeX Info: Redefining \HepProcess on input line 112.
[23

])
\openout2 = `sections/operators.aux'.

 (sections/operators.tex
LaTeX Info: Redefining \HepProcess on input line 1.
LaTeX Info: Redefining \HepProcess on input line 1.
 [24



]
\openout4 = `index.vrb'.

 (index.vrb)
LaTeX Info: Redefining \HepProcess on input line 9.
 [25

]
\openout4 = `index.vrb'.

 (index.vrb)
LaTeX Info: Redefining \HepProcess on input line 18.
 [26

]
\openout4 = `index.vrb'.

 (index.vrb)
LaTeX Info: Redefining \HepProcess on input line 43.
 [27

] (index.vrb)
LaTeX Info: Redefining \HepProcess on input line 43.
 [28

]
\openout4 = `index.vrb'.

 (index.vrb)
LaTeX Info: Redefining \HepProcess on input line 59.
 [29

]
\openout4 = `index.vrb'.

 (index.vrb)
LaTeX Info: Redefining \HepProcess on input line 74.
 [30

]
\openout4 = `index.vrb'.

 (index.vrb)
LaTeX Info: Redefining \HepProcess on input line 87.
 [31

]
\openout4 = `index.vrb'.


(index.vrb)
LaTeX Info: Redefining \HepProcess on input line 99.
 [32

])
\openout2 = `sections/vars.aux'.

 (sections/vars.tex
LaTeX Info: Redefining \HepProcess on input line 1.
LaTeX Info: Redefining \HepProcess on input line 1.
 [33



]
\openout4 = `index.vrb'.

 (index.vrb)
LaTeX Info: Redefining \HepProcess on input line 10.
 [34

]
\openout4 = `index.vrb'.

 (index.vrb)
LaTeX Info: Redefining \HepProcess on input line 21.
 [35

]
\openout4 = `index.vrb'.


(index.vrb)
LaTeX Info: Redefining \HepProcess on input line 40.
 [36

]
\openout4 = `index.vrb'.

 (index.vrb)
Overfull \vbox (9.35786pt too high) detected at line 69
 []

LaTeX Info: Redefining \HepProcess on input line 69.
[37

] (index.vrb)
Overfull \vbox (9.35786pt too high) detected at line 69
 []

LaTeX Info: Redefining \HepProcess on input line 69.
[38

]
\openout4 = `index.vrb'.

 (index.vrb)
LaTeX Info: Redefining \HepProcess on input line 90.
 [39

] (index.vrb)
LaTeX Info: Redefining \HepProcess on input line 90.
 [40

]
\openout4 = `index.vrb'.

 (index.vrb)
LaTeX Info: Redefining \HepProcess on input line 103.
 [41

]
\openout4 = `index.vrb'.

 (index.vrb)
LaTeX Info: Redefining \HepProcess on input line 114.
 [42

]
\openout4 = `index.vrb'.


(index.vrb)
LaTeX Info: Redefining \HepProcess on input line 126.
 [43

]
\openout4 = `index.vrb'.

 (index.vrb)
LaTeX Info: Redefining \HepProcess on input line 146.
 [44

] (index.vrb)
LaTeX Info: Redefining \HepProcess on input line 146.
 [45

]
\openout4 = `index.vrb'.

 (index.vrb)
LaTeX Info: Redefining \HepProcess on input line 159.
 [46

]
\openout4 = `index.vrb'.

 (index.vrb)
LaTeX Info: Redefining \HepProcess on input line 170.
[47

])
\openout2 = `sections/if-clauses.aux'.

 (sections/if-clauses.tex
LaTeX Info: Redefining \HepProcess on input line 1.
LaTeX Info: Redefining \HepProcess on input line 1.
 [48



]
\openout4 = `index.vrb'.

 (index.vrb)
Overfull \vbox (4.52798pt too high) detected at line 21
 []

LaTeX Info: Redefining \HepProcess on input line 21.
[49

]
\openout4 = `index.vrb'.

 (index.vrb)
LaTeX Info: Redefining \HepProcess on input line 34.
 [50

]
\openout4 = `index.vrb'.

 (index.vrb)
LaTeX Info: Redefining \HepProcess on input line 47.
 [51

]
\openout4 = `index.vrb'.

 (index.vrb)
LaTeX Info: Redefining \HepProcess on input line 56.
 [52

]
\openout4 = `index.vrb'.

 (index.vrb)
LaTeX Info: Redefining \HepProcess on input line 72.
 [53

]
LaTeX Info: Redefining \HepProcess on input line 78.

[54

]
LaTeX Info: Redefining \HepProcess on input line 94.
 [55

]
\openout4 = `index.vrb'.

 (index.vrb)
LaTeX Info: Redefining \HepProcess on input line 109.
 [56

])
\openout2 = `sections/for-loop.aux'.

 (sections/for-loop.tex
LaTeX Info: Redefining \HepProcess on input line 1.
LaTeX Info: Redefining \HepProcess on input line 1.
 [57



]
LaTeX Info: Redefining \HepProcess on input line 8.
 [58

]
\openout4 = `index.vrb'.

 (index.vrb)
LaTeX Info: Redefining \HepProcess on input line 27.

[59

] (index.vrb)
LaTeX Info: Redefining \HepProcess on input line 27.
 [60

]
\openout4 = `index.vrb'.

 (index.vrb)
LaTeX Info: Redefining \HepProcess on input line 43.
 [61

]
\openout4 = `index.vrb'.

 (index.vrb)
LaTeX Info: Redefining \HepProcess on input line 51.
 [62

]
\openout4 = `index.vrb'.

 (index.vrb)
LaTeX Info: Redefining \HepProcess on input line 76.
 [63

]
(index.vrb)
LaTeX Info: Redefining \HepProcess on input line 76.
 [64

]
\openout4 = `index.vrb'.

 (index.vrb)
LaTeX Info: Redefining \HepProcess on input line 84.
 [65

])
\openout2 = `sections/while-loop.aux'.

 (sections/while-loop.tex
\openout4 = `index.vrb'.

 (index.vrb)
LaTeX Font Info:    Font shape `OT1/cmtt/bx/n' in size <12> not available
(Font)              Font shape `OT1/cmtt/m/n' tried instead on input line 20.
LaTeX Info: Redefining \HepProcess on input line 20.

[66



]
\openout4 = `index.vrb'.

 (index.vrb)
LaTeX Info: Redefining \HepProcess on input line 35.
 [67

] (index.vrb)
LaTeX Info: Redefining \HepProcess on input line 35.
 [68

]
\openout4 = `index.vrb'.

 (index.vrb)
LaTeX Info: Redefining \HepProcess on input line 52.
 [69

] (index.vrb)
LaTeX Info: Redefining \HepProcess on input line 52.
 [70

]
LaTeX Info: Redefining \HepProcess on input line 68.

[71

]
\openout4 = `index.vrb'.

 (index.vrb)
LaTeX Info: Redefining \HepProcess on input line 86.
 [72

])
\openout2 = `sections/wiederholung.aux'.

 (sections/wiederholung.tex
LaTeX Info: Redefining \HepProcess on input line 1.
LaTeX Info: Redefining \HepProcess on input line 1.
 [73



]
\openout4 = `index.vrb'.

 (index.vrb)
LaTeX Info: Redefining \HepProcess on input line 10.
 [74

]
\openout4 = `index.vrb'.


(index.vrb)
LaTeX Info: Redefining \HepProcess on input line 23.
 [75

]
\openout4 = `index.vrb'.

 (index.vrb)
LaTeX Info: Redefining \HepProcess on input line 32.
 [76

]
\openout4 = `index.vrb'.

 (index.vrb)
LaTeX Info: Redefining \HepProcess on input line 44.
 [77

]
\openout4 = `index.vrb'.

 (index.vrb)
LaTeX Info: Redefining \HepProcess on input line 58.
 [78

]
\openout4 = `index.vrb'.

 (index.vrb)
LaTeX Info: Redefining \HepProcess on input line 73.
[79

]
\openout4 = `index.vrb'.

 (index.vrb)
LaTeX Info: Redefining \HepProcess on input line 86.
 [80

]
\openout4 = `index.vrb'.

 (index.vrb)
LaTeX Info: Redefining \HepProcess on input line 96.
 [81

])
\openout2 = `sections/functions.aux'.

 (sections/functions.tex
LaTeX Info: Redefining \HepProcess on input line 1.
LaTeX Info: Redefining \HepProcess on input line 1.
 [82



]
\openout4 = `index.vrb'.

 (index.vrb)
LaTeX Info: Redefining \HepProcess on input line 8.
 [83

]
\openout4 = `index.vrb'.

 (index.vrb)
LaTeX Info: Redefining \HepProcess on input line 16.
 [84

]
\openout4 = `index.vrb'.

 (index.vrb)
LaTeX Info: Redefining \HepProcess on input line 31.
 [85

]
\openout4 = `index.vrb'.

 (index.vrb)
LaTeX Info: Redefining \HepProcess on input line 49.
 [86

]
\openout4 = `index.vrb'.

 (index.vrb)
LaTeX Info: Redefining \HepProcess on input line 64.
 [87

]
\openout4 = `index.vrb'.


(index.vrb)
LaTeX Info: Redefining \HepProcess on input line 80.
 [88

]
\openout4 = `index.vrb'.

 (index.vrb)
LaTeX Info: Redefining \HepProcess on input line 87.
 [89

])
\openout2 = `sections/datastructures.aux'.

 (sections/datastructures.tex
LaTeX Info: Redefining \HepProcess on input line 1.
LaTeX Info: Redefining \HepProcess on input line 1.
 [90



]
\openout4 = `index.vrb'.

 (index.vrb)
LaTeX Info: Redefining \HepProcess on input line 9.
 [91

]
\openout4 = `index.vrb'.

 (index.vrb)
LaTeX Info: Redefining \HepProcess on input line 25.
 [92

]
\openout4 = `index.vrb'.

 (index.vrb)
LaTeX Info: Redefining \HepProcess on input line 41.
 [93

]
\openout4 = `index.vrb'.

 (index.vrb)
LaTeX Info: Redefining \HepProcess on input line 59.
 [94

]
\openout4 = `index.vrb'.

 (index.vrb)
Overfull \vbox (12.5978pt too high) detected at line 83
 []

LaTeX Info: Redefining \HepProcess on input line 83.
[95

]
\openout4 = `index.vrb'.

 (index.vrb)
LaTeX Info: Redefining \HepProcess on input line 103.
 [96

] (index.vrb)
LaTeX Info: Redefining \HepProcess on input line 103.
 [97

]
\openout4 = `index.vrb'.

 (index.vrb)
LaTeX Info: Redefining \HepProcess on input line 113.
 [98

] (index.vrb)
LaTeX Info: Redefining \HepProcess on input line 113.
 [99

])
\openout2 = `sections/fileio.aux'.


(sections/fileio.tex
\openout4 = `index.vrb'.

 (index.vrb)
LaTeX Info: Redefining \HepProcess on input line 7.
 [100



]
\openout4 = `index.vrb'.

 (index.vrb)
LaTeX Info: Redefining \HepProcess on input line 31.
 [101

] (index.vrb)
LaTeX Info: Redefining \HepProcess on input line 31.
 [102

]
(index.vrb)
LaTeX Info: Redefining \HepProcess on input line 31.
 [103

]
\openout4 = `index.vrb'.

 (index.vrb)
LaTeX Info: Redefining \HepProcess on input line 38.
 [104

])
\openout2 = `sections/oop.aux'.

 (sections/oop.tex
\openout4 = `index.vrb'.

 (index.vrb)
LaTeX Info: Redefining \HepProcess on input line 17.
 [105



]
(index.vrb)
LaTeX Info: Redefining \HepProcess on input line 17.
 [106

]
\openout4 = `index.vrb'.

 (index.vrb)
LaTeX Font Info:    Font shape `OT1/cmtt/bx/n' in size <9> not available
(Font)              Font shape `OT1/cmtt/m/n' tried instead on input line 32.
LaTeX Info: Redefining \HepProcess on input line 32.
 [107

]
\openout4 = `index.vrb'.

 (index.vrb)
LaTeX Info: Redefining \HepProcess on input line 43.
 [108

])
\openout2 = `sections/compiled_vs_interpreted.aux'.


(sections/compiled_vs_interpreted.tex
LaTeX Info: Redefining \HepProcess on input line 12.
 [109



]
\openout4 = `index.vrb'.

 (index.vrb)
LaTeX Info: Redefining \HepProcess on input line 20.
 [110

]
\openout4 = `index.vrb'.

 (index.vrb)
LaTeX Info: Redefining \HepProcess on input line 42.

[111

]
\openout4 = `index.vrb'.

 (index.vrb)
LaTeX Info: Redefining \HepProcess on input line 60.
 [112

]
\@verb\impvsfunc=\box66


LaTeX Font Warning: Font shape `OT1/cmtt/m/n' in size <15> not available
(Font)              size <14.4> substituted on input line 63.

LaTeX Info: Redefining \HepProcess on input line 69.
[113

]
\openout4 = `index.vrb'.

 (index.vrb)
LaTeX Info: Redefining \HepProcess on input line 84.
 [114

]
\openout4 = `index.vrb'.

 (index.vrb)
Overfull \vbox (6.89273pt too high) detected at line 107
 []

LaTeX Info: Redefining \HepProcess on input line 107.
[115

]
\openout4 = `index.vrb'.

 (index.vrb)
LaTeX Info: Redefining \HepProcess on input line 123.
 [116

]
\openout4 = `index.vrb'.

 (index.vrb)
LaTeX Info: Redefining \HepProcess on input line 170.
 [117

]
Overfull \vbox (16.89735pt too high) detected at line 197
 []

LaTeX Info: Redefining \HepProcess on input line 197.
[118

])
\openout2 = `sections/setup-python.aux'.

 (sections/setup-python.tex
<images/python_install.png, id=692, 512.66531pt x 317.68687pt>
File: images/python_install.png Graphic file (type png)
<use images/python_install.png>
Package pdftex.def Info: images/python_install.png  used on input line 10.
(pdftex.def)             Requested size: 205.06248pt x 127.07248pt.
LaTeX Info: Redefining \HepProcess on input line 10.
 [119



 <./images/python_install.png>])
\openout2 = `sections/setup-idle.aux'.


(sections/setup-idle.tex
LaTeX Info: Redefining \HepProcess on input line 13.
 [120



]
LaTeX Info: Redefining \HepProcess on input line 13.
 [121

]
LaTeX Info: Redefining \HepProcess on input line 25.
 [122

])
\openout2 = `sections/evaluation-literature.aux'.

 (sections/evaluation-literature.tex
LaTeX Info: Redefining \HepProcess on input line 7.
[123



]
LaTeX Info: Redefining \HepProcess on input line 16.
 [124

])
\tf@nav=\write8
\openout8 = `index.nav'.

\tf@toc=\write9
\openout9 = `index.toc'.

\tf@snm=\write10
\openout10 = `index.snm'.

Package atveryend Info: Empty hook `BeforeClearDocument' on input line 105.
Package atveryend Info: Empty hook `AfterLastShipout' on input line 105.
 (index.aux (sections/intro.aux) (sections/codio.aux)
(sections/general.aux) (sections/types.aux) (sections/operators.aux)
(sections/vars.aux) (sections/if-clauses.aux) (sections/for-loop.aux)
(sections/while-loop.aux) (sections/wiederholung.aux) (sections/functions.aux)
(sections/datastructures.aux) (sections/fileio.aux) (sections/oop.aux)
(sections/compiled_vs_interpreted.aux) (sections/setup-python.aux)
(sections/setup-idle.aux) (sections/evaluation-literature.aux))
Package atveryend Info: Executing hook `AtVeryEndDocument' on input line 105.
Package atveryend Info: Executing hook `AtEndAfterFileList' on input line 105.
Package rerunfilecheck Info: File `index.out' has not changed.
(rerunfilecheck)             Checksum: 643AA5E88E31043B4F2CCA2395FBD2EB;521.


LaTeX Font Warning: Size substitutions with differences
(Font)              up to 0.6pt have occurred.


LaTeX Font Warning: Some font shapes were not available, defaults substituted.

Package logreq Info: Writing requests to 'index.run.xml'.
\openout1 = `index.run.xml'.

 ) 
Here is how much of TeX's memory you used:
 32795 strings out of 492970
 618476 string characters out of 3135855
 1231374 words of memory out of 3000000
 35483 multiletter control sequences out of 15000+200000
 21112 words of font info for 73 fonts, out of 3000000 for 9000
 1143 hyphenation exceptions out of 8191
 71i,14n,98p,1824b,2180s stack positions out of 5000i,500n,10000p,200000b,50000s
pdfTeX warning (dest): name{https://lifehacker.com/five-best-programming-lang
uages-for-first-time-learners-1494256243} has been referenced but does not exis
t, replaced by a fixed one

<C:/Program Files/MiKTeX 2.9/fonts/type1/public/amsfonts/cm/cmmi10.pfb><C:/Prog
ram Files/MiKTeX 2.9/fonts/type1/public/amsfonts/cm/cmmib10.pfb><C:/Program Fil
es/MiKTeX 2.9/fonts/type1/public/amsfonts/cm/cmss10.pfb><C:/Program Files/MiKTe
X 2.9/fonts/type1/public/amsfonts/cm/cmss12.pfb><C:/Program Files/MiKTeX 2.9/fo
nts/type1/public/amsfonts/cm/cmss8.pfb><C:/Program Files/MiKTeX 2.9/fonts/type1
/public/amsfonts/cm/cmss9.pfb><C:/Program Files/MiKTeX 2.9/fonts/type1/public/a
msfonts/cm/cmssbx10.pfb><C:/Program Files/MiKTeX 2.9/fonts/type1/public/amsfont
s/cm/cmssi10.pfb><C:/Program Files/MiKTeX 2.9/fonts/type1/public/amsfonts/cm/cm
sy10.pfb><C:/Program Files/MiKTeX 2.9/fonts/type1/public/amsfonts/cm/cmsy6.pfb>
<C:/Program Files/MiKTeX 2.9/fonts/type1/public/amsfonts/cm/cmtt10.pfb><C:/Prog
ram Files/MiKTeX 2.9/fonts/type1/public/amsfonts/cm/cmtt12.pfb><C:/Program File
s/MiKTeX 2.9/fonts/type1/public/amsfonts/cm/cmtt9.pfb>
Output written on index.pdf (124 pages, 556721 bytes).
PDF statistics:
 828 PDF objects out of 1000 (max. 8388607)
 260 named destinations out of 1000 (max. 500000)
 133 words of extra memory for PDF output out of 10000 (max. 10000000)

